<?xml version="1.0" encoding="UTF-8" ?>
<testsuite tests="76" failures="0" name="javax.el.TestBeanELResolver" time="0.37" errors="0" skipped="0">
  <properties>
[...]
</properties>
  <testcase classname="javax.el.TestBeanELResolver" name="testSetValue01" time="0"/>
  <testcase classname="javax.el.TestBeanELResolver" name="testSetValue02" time="0.006"/>
  <testcase classname="javax.el.TestBeanELResolver" name="testSetValue03" time="0.01"/>
  <testcase classname="javax.el.TestBeanELResolver" name="testSetValue04" time="0.063"/>
  <testcase classname="javax.el.TestBeanELResolver" name="testSetValue05" time="0.002"/>
  <testcase classname="javax.el.TestBeanELResolver" name="testSetValue06" time="0"/>
  <testcase classname="javax.el.TestBeanELResolver" name="testSetValue07" time="0.001"/>
  <testcase classname="javax.el.TestBeanELResolver" name="testIsReadOnly01" time="0"/>
  <testcase classname="javax.el.TestBeanELResolver" name="testIsReadOnly02" time="0"/>
  <testcase classname="javax.el.TestBeanELResolver" name="testIsReadOnly03" time="0"/>
  <testcase classname="javax.el.TestBeanELResolver" name="testIsReadOnly04" time="0"/>
  <testcase classname="javax.el.TestBeanELResolver" name="testIsReadOnly05" time="0.001"/>
  <testcase classname="javax.el.TestBeanELResolver" name="testIsReadOnly06" time="0"/>
  <testcase classname="javax.el.TestBeanELResolver" name="testGetFeatureDescriptors01" time="0"/>
  <testcase classname="javax.el.TestBeanELResolver" name="testGetFeatureDescriptors02" time="0"/>
  <testcase classname="javax.el.TestBeanELResolver" name="testBug53421" time="0.185"/>
  <testcase classname="javax.el.TestBeanELResolver" name="testGetValue01" time="0"/>
  <testcase classname="javax.el.TestBeanELResolver" name="testGetValue02" time="0.001"/>
  <testcase classname="javax.el.TestBeanELResolver" name="testGetValue03" time="0"/>
  <testcase classname="javax.el.TestBeanELResolver" name="testGetValue04" time="0"/>
  <testcase classname="javax.el.TestBeanELResolver" name="testGetValue05" time="0"/>
  <testcase classname="javax.el.TestBeanELResolver" name="testGetValue06" time="0.001"/>
  <testcase classname="javax.el.TestBeanELResolver" name="testGetValue07" time="0"/>
  <testcase classname="javax.el.TestBeanELResolver" name="testInvokeVarargs01" time="0.018"/>
  <testcase classname="javax.el.TestBeanELResolver" name="testInvokeVarargs02" time="0.001"/>
  <testcase classname="javax.el.TestBeanELResolver" name="testInvokeVarargs03" time="0"/>
  <testcase classname="javax.el.TestBeanELResolver" name="testInvokeVarargs04" time="0"/>
  <testcase classname="javax.el.TestBeanELResolver" name="testInvokeVarargs05" time="0.009"/>
  <testcase classname="javax.el.TestBeanELResolver" name="testInvokeVarargs06" time="0.001"/>
  <testcase classname="javax.el.TestBeanELResolver" name="testInvokeVarargs07" time="0"/>
  <testcase classname="javax.el.TestBeanELResolver" name="testInvokeVarargs08" time="0.057"/>
  <testcase classname="javax.el.TestBeanELResolver" name="testInvokeVarargs09" time="0"/>
  <testcase classname="javax.el.TestBeanELResolver" name="testInvokeVarargs10" time="0.001"/>
  <testcase classname="javax.el.TestBeanELResolver" name="testInvokeVarargs11" time="0.003"/>
  <testcase classname="javax.el.TestBeanELResolver" name="testInvokeVarargs12" time="0"/>
  <testcase classname="javax.el.TestBeanELResolver" name="testInvokeVarargs13" time="0.001"/>
  <testcase classname="javax.el.TestBeanELResolver" name="testInvokeVarargs14" time="0"/>
  <testcase classname="javax.el.TestBeanELResolver" name="testInvokeVarargs15" time="0.001"/>
  <testcase classname="javax.el.TestBeanELResolver" name="testInvokeVarargs16" time="0.001"/>
  <testcase classname="javax.el.TestBeanELResolver" name="testInvokeVarargs17" time="0"/>
  <testcase classname="javax.el.TestBeanELResolver" name="testInvokeVarargs18" time="0.001"/>
  <testcase classname="javax.el.TestBeanELResolver" name="testInvokeVarargs19" time="0"/>
  <testcase classname="javax.el.TestBeanELResolver" name="testInvokeVarargs20" time="0"/>
  <testcase classname="javax.el.TestBeanELResolver" name="testInvokeVarargs21" time="0"/>
  <testcase classname="javax.el.TestBeanELResolver" name="testInvoke01" time="0"/>
  <testcase classname="javax.el.TestBeanELResolver" name="testInvoke02" time="0"/>
  <testcase classname="javax.el.TestBeanELResolver" name="testInvoke03" time="0"/>
  <testcase classname="javax.el.TestBeanELResolver" name="testInvoke04" time="0"/>
  <testcase classname="javax.el.TestBeanELResolver" name="testInvoke05" time="0"/>
  <testcase classname="javax.el.TestBeanELResolver" name="testInvoke06" time="0.001"/>
  <testcase classname="javax.el.TestBeanELResolver" name="testGetType01" time="0"/>
  <testcase classname="javax.el.TestBeanELResolver" name="testGetType02" time="0"/>
  <testcase classname="javax.el.TestBeanELResolver" name="testGetType03" time="0"/>
  <testcase classname="javax.el.TestBeanELResolver" name="testGetType04" time="0"/>
  <testcase classname="javax.el.TestBeanELResolver" name="testGetType05" time="0.001"/>
  <testcase classname="javax.el.TestBeanELResolver" name="testInvokeVarargsCoerce01" time="0"/>
  <testcase classname="javax.el.TestBeanELResolver" name="testInvokeVarargsCoerce02" time="0"/>
  <testcase classname="javax.el.TestBeanELResolver" name="testInvokeVarargsCoerce03" time="0"/>
  <testcase classname="javax.el.TestBeanELResolver" name="testInvokeVarargsCoerce04" time="0"/>
  <testcase classname="javax.el.TestBeanELResolver" name="testInvokeVarargsCoerce05" time="0.001"/>
  <testcase classname="javax.el.TestBeanELResolver" name="testInvokeVarargsCoerce06" time="0"/>
  <testcase classname="javax.el.TestBeanELResolver" name="testInvokeVarargsCoerce07" time="0"/>
  <testcase classname="javax.el.TestBeanELResolver" name="testInvokeVarargsCoerce08" time="0"/>
  <testcase classname="javax.el.TestBeanELResolver" name="testInvokeVarargsCoerce09" time="0"/>
  <testcase classname="javax.el.TestBeanELResolver" name="testInvokeVarargsCoerce10" time="0"/>
  <testcase classname="javax.el.TestBeanELResolver" name="testInvokeVarargsCoerce11" time="0"/>
  <testcase classname="javax.el.TestBeanELResolver" name="testInvokeVarargsCoerce12" time="0.001"/>
  <testcase classname="javax.el.TestBeanELResolver" name="testInvokeVarargsCoerce13" time="0"/>
  <testcase classname="javax.el.TestBeanELResolver" name="testInvokeVarargsCoerce14" time="0"/>
  <testcase classname="javax.el.TestBeanELResolver" name="testInvokeVarargsCoerce15" time="0"/>
  <testcase classname="javax.el.TestBeanELResolver" name="testInvokeVarargsCoerce16" time="0.001"/>
  <testcase classname="javax.el.TestBeanELResolver" name="testInvokeVarargsCoerce17" time="0"/>
  <testcase classname="javax.el.TestBeanELResolver" name="testInvokeVarargsCoerce18" time="0"/>
  <testcase classname="javax.el.TestBeanELResolver" name="testInvokeVarargsCoerce19" time="0.001"/>
  <testcase classname="javax.el.TestBeanELResolver" name="testInvokeVarargsCoerce20" time="0"/>
  <testcase classname="javax.el.TestBeanELResolver" name="testInvokeVarargsCoerce21" time="0"/>
</testsuite>