<?xml version="1.0" encoding="UTF-8" ?>
<testsuite tests="31" failures="0" name="javax.el.TestBeanNameELResolver" time="0.034" errors="0" skipped="0">
  <properties>
[...]
</properties>
  <testcase classname="javax.el.TestBeanNameELResolver" name="testSetValue01" time="0"/>
  <testcase classname="javax.el.TestBeanNameELResolver" name="testSetValue02" time="0"/>
  <testcase classname="javax.el.TestBeanNameELResolver" name="testSetValue03" time="0"/>
  <testcase classname="javax.el.TestBeanNameELResolver" name="testSetValue04" time="0"/>
  <testcase classname="javax.el.TestBeanNameELResolver" name="testSetValue05" time="0"/>
  <testcase classname="javax.el.TestBeanNameELResolver" name="testSetValue06" time="0"/>
  <testcase classname="javax.el.TestBeanNameELResolver" name="testSetValue07" time="0"/>
  <testcase classname="javax.el.TestBeanNameELResolver" name="testSetValue08" time="0.008"/>
  <testcase classname="javax.el.TestBeanNameELResolver" name="testSetValue09" time="0"/>
  <testcase classname="javax.el.TestBeanNameELResolver" name="testIsReadOnly01" time="0"/>
  <testcase classname="javax.el.TestBeanNameELResolver" name="testIsReadOnly02" time="0"/>
  <testcase classname="javax.el.TestBeanNameELResolver" name="testIsReadOnly03" time="0"/>
  <testcase classname="javax.el.TestBeanNameELResolver" name="testIsReadOnly04" time="0.001"/>
  <testcase classname="javax.el.TestBeanNameELResolver" name="testIsReadOnly05" time="0.008"/>
  <testcase classname="javax.el.TestBeanNameELResolver" name="testIsReadOnly06" time="0"/>
  <testcase classname="javax.el.TestBeanNameELResolver" name="testIsReadOnly07" time="0"/>
  <testcase classname="javax.el.TestBeanNameELResolver" name="testIsReadOnly08" time="0"/>
  <testcase classname="javax.el.TestBeanNameELResolver" name="testGetValue01" time="0"/>
  <testcase classname="javax.el.TestBeanNameELResolver" name="testGetValue02" time="0"/>
  <testcase classname="javax.el.TestBeanNameELResolver" name="testGetValue03" time="0"/>
  <testcase classname="javax.el.TestBeanNameELResolver" name="testGetValue04" time="0.008"/>
  <testcase classname="javax.el.TestBeanNameELResolver" name="testGetValue05" time="0"/>
  <testcase classname="javax.el.TestBeanNameELResolver" name="testGetValue06" time="0"/>
  <testcase classname="javax.el.TestBeanNameELResolver" name="testGetValue07" time="0"/>
  <testcase classname="javax.el.TestBeanNameELResolver" name="testGetType01" time="0"/>
  <testcase classname="javax.el.TestBeanNameELResolver" name="testGetType02" time="0"/>
  <testcase classname="javax.el.TestBeanNameELResolver" name="testGetType03" time="0"/>
  <testcase classname="javax.el.TestBeanNameELResolver" name="testGetType04" time="0.009"/>
  <testcase classname="javax.el.TestBeanNameELResolver" name="testGetType05" time="0"/>
  <testcase classname="javax.el.TestBeanNameELResolver" name="testGetType06" time="0"/>
  <testcase classname="javax.el.TestBeanNameELResolver" name="testGetType07" time="0"/>
</testsuite>